The system is: Linux - 4.10.0-21-generic - x86_64
Compiling the C compiler identification source file "CMakeCCompilerId.c" succeeded.
Compiler: /usr/bin/cc 
Build flags: 
Id flags: 

The output was:
0


Compilation of the C compiler identification source "CMakeCCompilerId.c" produced "a.out"

The C compiler identification is GNU, found in "/usr/glfw-3.2.1/CMakeFiles/3.7.2/CompilerIdC/a.out"

Determining if the C compiler works passed with the following output:
Change Dir: /usr/glfw-3.2.1/CMakeFiles/CMakeTmp

Run Build Command:"/usr/bin/make" "cmTC_8ce1f/fast"
/usr/bin/make -f CMakeFiles/cmTC_8ce1f.dir/build.make CMakeFiles/cmTC_8ce1f.dir/build
make[1]: Entering directory '/usr/glfw-3.2.1/CMakeFiles/CMakeTmp'
Building C object CMakeFiles/cmTC_8ce1f.dir/testCCompiler.c.o
/usr/bin/cc     -o CMakeFiles/cmTC_8ce1f.dir/testCCompiler.c.o   -c /usr/glfw-3.2.1/CMakeFiles/CMakeTmp/testCCompiler.c
Linking C executable cmTC_8ce1f
/usr/bin/cmake -E cmake_link_script CMakeFiles/cmTC_8ce1f.dir/link.txt --verbose=1
/usr/bin/cc       CMakeFiles/cmTC_8ce1f.dir/testCCompiler.c.o  -o cmTC_8ce1f -rdynamic 
make[1]: Leaving directory '/usr/glfw-3.2.1/CMakeFiles/CMakeTmp'


Detecting C compiler ABI info compiled with the following output:
Change Dir: /usr/glfw-3.2.1/CMakeFiles/CMakeTmp

Run Build Command:"/usr/bin/make" "cmTC_87611/fast"
/usr/bin/make -f CMakeFiles/cmTC_87611.dir/build.make CMakeFiles/cmTC_87611.dir/build
make[1]: Entering directory '/usr/glfw-3.2.1/CMakeFiles/CMakeTmp'
Building C object CMakeFiles/cmTC_87611.dir/CMakeCCompilerABI.c.o
/usr/bin/cc     -o CMakeFiles/cmTC_87611.dir/CMakeCCompilerABI.c.o   -c /usr/share/cmake-3.7/Modules/CMakeCCompilerABI.c
Linking C executable cmTC_87611
/usr/bin/cmake -E cmake_link_script CMakeFiles/cmTC_87611.dir/link.txt --verbose=1
/usr/bin/cc      -v CMakeFiles/cmTC_87611.dir/CMakeCCompilerABI.c.o  -o cmTC_87611 -rdynamic  
Using built-in specs.
COLLECT_GCC=/usr/bin/cc
COLLECT_LTO_WRAPPER=/usr/lib/gcc/i686-linux-gnu/6/lto-wrapper
Target: i686-linux-gnu
Configured with: ../src/configure -v --with-pkgversion='Ubuntu 6.3.0-12ubuntu2' --with-bugurl=file:///usr/share/doc/gcc-6/README.Bugs --enable-languages=c,ada,c++,java,go,d,fortran,objc,obj-c++ --prefix=/usr --program-suffix=-6 --program-prefix=i686-linux-gnu- --enable-shared --enable-linker-build-id --libexecdir=/usr/lib --without-included-gettext --enable-threads=posix --libdir=/usr/lib --enable-nls --with-sysroot=/ --enable-clocale=gnu --enable-libstdcxx-debug --enable-libstdcxx-time=yes --with-default-libstdcxx-abi=new --enable-gnu-unique-object --disable-vtable-verify --enable-libmpx --enable-plugin --with-system-zlib --disable-browser-plugin --enable-java-awt=gtk --enable-gtk-cairo --with-java-home=/usr/lib/jvm/java-1.5.0-gcj-6-i386/jre --enable-java-home --with-jvm-root-dir=/usr/lib/jvm/java-1.5.0-gcj-6-i386 --with-jvm-jar-dir=/usr/lib/jvm-exports/java-1.5.0-gcj-6-i386 --with-arch-directory=i386 --with-ecj-jar=/usr/share/java/eclipse-ecj.jar --with-target-system-zlib --enable-objc-gc=auto --enable-targets=all --enable-multiarch --disable-werror --with-arch-32=i686 --with-multilib-list=m32,m64,mx32 --enable-multilib --with-tune=generic --enable-checking=release --build=i686-linux-gnu --host=i686-linux-gnu --target=i686-linux-gnu
Thread model: posix
gcc version 6.3.0 20170406 (Ubuntu 6.3.0-12ubuntu2) 
COMPILER_PATH=/usr/lib/gcc/i686-linux-gnu/6/:/usr/lib/gcc/i686-linux-gnu/6/:/usr/lib/gcc/i686-linux-gnu/:/usr/lib/gcc/i686-linux-gnu/6/:/usr/lib/gcc/i686-linux-gnu/
LIBRARY_PATH=/usr/lib/gcc/i686-linux-gnu/6/:/usr/lib/gcc/i686-linux-gnu/6/../../../i386-linux-gnu/:/usr/lib/gcc/i686-linux-gnu/6/../../../../lib/:/lib/i386-linux-gnu/:/lib/../lib/:/usr/lib/i386-linux-gnu/:/usr/lib/../lib/:/usr/lib/gcc/i686-linux-gnu/6/../../../:/lib/:/usr/lib/
COLLECT_GCC_OPTIONS='-v' '-o' 'cmTC_87611' '-rdynamic' '-mtune=generic' '-march=i686'
 /usr/lib/gcc/i686-linux-gnu/6/collect2 -plugin /usr/lib/gcc/i686-linux-gnu/6/liblto_plugin.so -plugin-opt=/usr/lib/gcc/i686-linux-gnu/6/lto-wrapper -plugin-opt=-fresolution=/tmp/ccSofw6W.res -plugin-opt=-pass-through=-lgcc -plugin-opt=-pass-through=-lgcc_s -plugin-opt=-pass-through=-lc -plugin-opt=-pass-through=-lgcc -plugin-opt=-pass-through=-lgcc_s --sysroot=/ --build-id --eh-frame-hdr -m elf_i386 --hash-style=gnu --as-needed -export-dynamic -dynamic-linker /lib/ld-linux.so.2 -z relro -o cmTC_87611 /usr/lib/gcc/i686-linux-gnu/6/../../../i386-linux-gnu/crt1.o /usr/lib/gcc/i686-linux-gnu/6/../../../i386-linux-gnu/crti.o /usr/lib/gcc/i686-linux-gnu/6/crtbegin.o -L/usr/lib/gcc/i686-linux-gnu/6 -L/usr/lib/gcc/i686-linux-gnu/6/../../../i386-linux-gnu -L/usr/lib/gcc/i686-linux-gnu/6/../../../../lib -L/lib/i386-linux-gnu -L/lib/../lib -L/usr/lib/i386-linux-gnu -L/usr/lib/../lib -L/usr/lib/gcc/i686-linux-gnu/6/../../.. CMakeFiles/cmTC_87611.dir/CMakeCCompilerABI.c.o -lgcc --as-needed -lgcc_s --no-as-needed -lc -lgcc --as-needed -lgcc_s --no-as-needed /usr/lib/gcc/i686-linux-gnu/6/crtend.o /usr/lib/gcc/i686-linux-gnu/6/../../../i386-linux-gnu/crtn.o
COLLECT_GCC_OPTIONS='-v' '-o' 'cmTC_87611' '-rdynamic' '-mtune=generic' '-march=i686'
make[1]: Leaving directory '/usr/glfw-3.2.1/CMakeFiles/CMakeTmp'


Parsed C implicit link information from above output:
  link line regex: [^( *|.*[/\])(ld|([^/\]+-)?ld|collect2)[^/\]*( |$)]
  ignore line: [Change Dir: /usr/glfw-3.2.1/CMakeFiles/CMakeTmp]
  ignore line: []
  ignore line: [Run Build Command:"/usr/bin/make" "cmTC_87611/fast"]
  ignore line: [/usr/bin/make -f CMakeFiles/cmTC_87611.dir/build.make CMakeFiles/cmTC_87611.dir/build]
  ignore line: [make[1]: Entering directory '/usr/glfw-3.2.1/CMakeFiles/CMakeTmp']
  ignore line: [Building C object CMakeFiles/cmTC_87611.dir/CMakeCCompilerABI.c.o]
  ignore line: [/usr/bin/cc     -o CMakeFiles/cmTC_87611.dir/CMakeCCompilerABI.c.o   -c /usr/share/cmake-3.7/Modules/CMakeCCompilerABI.c]
  ignore line: [Linking C executable cmTC_87611]
  ignore line: [/usr/bin/cmake -E cmake_link_script CMakeFiles/cmTC_87611.dir/link.txt --verbose=1]
  ignore line: [/usr/bin/cc      -v CMakeFiles/cmTC_87611.dir/CMakeCCompilerABI.c.o  -o cmTC_87611 -rdynamic  ]
  ignore line: [Using built-in specs.]
  ignore line: [COLLECT_GCC=/usr/bin/cc]
  ignore line: [COLLECT_LTO_WRAPPER=/usr/lib/gcc/i686-linux-gnu/6/lto-wrapper]
  ignore line: [Target: i686-linux-gnu]
  ignore line: [Configured with: ../src/configure -v --with-pkgversion='Ubuntu 6.3.0-12ubuntu2' --with-bugurl=file:///usr/share/doc/gcc-6/README.Bugs --enable-languages=c,ada,c++,java,go,d,fortran,objc,obj-c++ --prefix=/usr --program-suffix=-6 --program-prefix=i686-linux-gnu- --enable-shared --enable-linker-build-id --libexecdir=/usr/lib --without-included-gettext --enable-threads=posix --libdir=/usr/lib --enable-nls --with-sysroot=/ --enable-clocale=gnu --enable-libstdcxx-debug --enable-libstdcxx-time=yes --with-default-libstdcxx-abi=new --enable-gnu-unique-object --disable-vtable-verify --enable-libmpx --enable-plugin --with-system-zlib --disable-browser-plugin --enable-java-awt=gtk --enable-gtk-cairo --with-java-home=/usr/lib/jvm/java-1.5.0-gcj-6-i386/jre --enable-java-home --with-jvm-root-dir=/usr/lib/jvm/java-1.5.0-gcj-6-i386 --with-jvm-jar-dir=/usr/lib/jvm-exports/java-1.5.0-gcj-6-i386 --with-arch-directory=i386 --with-ecj-jar=/usr/share/java/eclipse-ecj.jar --with-target-system-zlib --enable-objc-gc=auto --enable-targets=all --enable-multiarch --disable-werror --with-arch-32=i686 --with-multilib-list=m32,m64,mx32 --enable-multilib --with-tune=generic --enable-checking=release --build=i686-linux-gnu --host=i686-linux-gnu --target=i686-linux-gnu]
  ignore line: [Thread model: posix]
  ignore line: [gcc version 6.3.0 20170406 (Ubuntu 6.3.0-12ubuntu2) ]
  ignore line: [COMPILER_PATH=/usr/lib/gcc/i686-linux-gnu/6/:/usr/lib/gcc/i686-linux-gnu/6/:/usr/lib/gcc/i686-linux-gnu/:/usr/lib/gcc/i686-linux-gnu/6/:/usr/lib/gcc/i686-linux-gnu/]
  ignore line: [LIBRARY_PATH=/usr/lib/gcc/i686-linux-gnu/6/:/usr/lib/gcc/i686-linux-gnu/6/../../../i386-linux-gnu/:/usr/lib/gcc/i686-linux-gnu/6/../../../../lib/:/lib/i386-linux-gnu/:/lib/../lib/:/usr/lib/i386-linux-gnu/:/usr/lib/../lib/:/usr/lib/gcc/i686-linux-gnu/6/../../../:/lib/:/usr/lib/]
  ignore line: [COLLECT_GCC_OPTIONS='-v' '-o' 'cmTC_87611' '-rdynamic' '-mtune=generic' '-march=i686']
  link line: [ /usr/lib/gcc/i686-linux-gnu/6/collect2 -plugin /usr/lib/gcc/i686-linux-gnu/6/liblto_plugin.so -plugin-opt=/usr/lib/gcc/i686-linux-gnu/6/lto-wrapper -plugin-opt=-fresolution=/tmp/ccSofw6W.res -plugin-opt=-pass-through=-lgcc -plugin-opt=-pass-through=-lgcc_s -plugin-opt=-pass-through=-lc -plugin-opt=-pass-through=-lgcc -plugin-opt=-pass-through=-lgcc_s --sysroot=/ --build-id --eh-frame-hdr -m elf_i386 --hash-style=gnu --as-needed -export-dynamic -dynamic-linker /lib/ld-linux.so.2 -z relro -o cmTC_87611 /usr/lib/gcc/i686-linux-gnu/6/../../../i386-linux-gnu/crt1.o /usr/lib/gcc/i686-linux-gnu/6/../../../i386-linux-gnu/crti.o /usr/lib/gcc/i686-linux-gnu/6/crtbegin.o -L/usr/lib/gcc/i686-linux-gnu/6 -L/usr/lib/gcc/i686-linux-gnu/6/../../../i386-linux-gnu -L/usr/lib/gcc/i686-linux-gnu/6/../../../../lib -L/lib/i386-linux-gnu -L/lib/../lib -L/usr/lib/i386-linux-gnu -L/usr/lib/../lib -L/usr/lib/gcc/i686-linux-gnu/6/../../.. CMakeFiles/cmTC_87611.dir/CMakeCCompilerABI.c.o -lgcc --as-needed -lgcc_s --no-as-needed -lc -lgcc --as-needed -lgcc_s --no-as-needed /usr/lib/gcc/i686-linux-gnu/6/crtend.o /usr/lib/gcc/i686-linux-gnu/6/../../../i386-linux-gnu/crtn.o]
    arg [/usr/lib/gcc/i686-linux-gnu/6/collect2] ==> ignore
    arg [-plugin] ==> ignore
    arg [/usr/lib/gcc/i686-linux-gnu/6/liblto_plugin.so] ==> ignore
    arg [-plugin-opt=/usr/lib/gcc/i686-linux-gnu/6/lto-wrapper] ==> ignore
    arg [-plugin-opt=-fresolution=/tmp/ccSofw6W.res] ==> ignore
    arg [-plugin-opt=-pass-through=-lgcc] ==> ignore
    arg [-plugin-opt=-pass-through=-lgcc_s] ==> ignore
    arg [-plugin-opt=-pass-through=-lc] ==> ignore
    arg [-plugin-opt=-pass-through=-lgcc] ==> ignore
    arg [-plugin-opt=-pass-through=-lgcc_s] ==> ignore
    arg [--sysroot=/] ==> ignore
    arg [--build-id] ==> ignore
    arg [--eh-frame-hdr] ==> ignore
    arg [-m] ==> ignore
    arg [elf_i386] ==> ignore
    arg [--hash-style=gnu] ==> ignore
    arg [--as-needed] ==> ignore
    arg [-export-dynamic] ==> ignore
    arg [-dynamic-linker] ==> ignore
    arg [/lib/ld-linux.so.2] ==> ignore
    arg [-zrelro] ==> ignore
    arg [-o] ==> ignore
    arg [cmTC_87611] ==> ignore
    arg [/usr/lib/gcc/i686-linux-gnu/6/../../../i386-linux-gnu/crt1.o] ==> ignore
    arg [/usr/lib/gcc/i686-linux-gnu/6/../../../i386-linux-gnu/crti.o] ==> ignore
    arg [/usr/lib/gcc/i686-linux-gnu/6/crtbegin.o] ==> ignore
    arg [-L/usr/lib/gcc/i686-linux-gnu/6] ==> dir [/usr/lib/gcc/i686-linux-gnu/6]
    arg [-L/usr/lib/gcc/i686-linux-gnu/6/../../../i386-linux-gnu] ==> dir [/usr/lib/gcc/i686-linux-gnu/6/../../../i386-linux-gnu]
    arg [-L/usr/lib/gcc/i686-linux-gnu/6/../../../../lib] ==> dir [/usr/lib/gcc/i686-linux-gnu/6/../../../../lib]
    arg [-L/lib/i386-linux-gnu] ==> dir [/lib/i386-linux-gnu]
    arg [-L/lib/../lib] ==> dir [/lib/../lib]
    arg [-L/usr/lib/i386-linux-gnu] ==> dir [/usr/lib/i386-linux-gnu]
    arg [-L/usr/lib/../lib] ==> dir [/usr/lib/../lib]
    arg [-L/usr/lib/gcc/i686-linux-gnu/6/../../..] ==> dir [/usr/lib/gcc/i686-linux-gnu/6/../../..]
    arg [CMakeFiles/cmTC_87611.dir/CMakeCCompilerABI.c.o] ==> ignore
    arg [-lgcc] ==> lib [gcc]
    arg [--as-needed] ==> ignore
    arg [-lgcc_s] ==> lib [gcc_s]
    arg [--no-as-needed] ==> ignore
    arg [-lc] ==> lib [c]
    arg [-lgcc] ==> lib [gcc]
    arg [--as-needed] ==> ignore
    arg [-lgcc_s] ==> lib [gcc_s]
    arg [--no-as-needed] ==> ignore
    arg [/usr/lib/gcc/i686-linux-gnu/6/crtend.o] ==> ignore
    arg [/usr/lib/gcc/i686-linux-gnu/6/../../../i386-linux-gnu/crtn.o] ==> ignore
  remove lib [gcc]
  remove lib [gcc_s]
  remove lib [gcc]
  remove lib [gcc_s]
  collapse library dir [/usr/lib/gcc/i686-linux-gnu/6] ==> [/usr/lib/gcc/i686-linux-gnu/6]
  collapse library dir [/usr/lib/gcc/i686-linux-gnu/6/../../../i386-linux-gnu] ==> [/usr/lib/i386-linux-gnu]
  collapse library dir [/usr/lib/gcc/i686-linux-gnu/6/../../../../lib] ==> [/usr/lib]
  collapse library dir [/lib/i386-linux-gnu] ==> [/lib/i386-linux-gnu]
  collapse library dir [/lib/../lib] ==> [/lib]
  collapse library dir [/usr/lib/i386-linux-gnu] ==> [/usr/lib/i386-linux-gnu]
  collapse library dir [/usr/lib/../lib] ==> [/usr/lib]
  collapse library dir [/usr/lib/gcc/i686-linux-gnu/6/../../..] ==> [/usr/lib]
  implicit libs: [c]
  implicit dirs: [/usr/lib/gcc/i686-linux-gnu/6;/usr/lib/i386-linux-gnu;/usr/lib;/lib/i386-linux-gnu;/lib]
  implicit fwks: []




Detecting C [-std=c11] compiler features compiled with the following output:
Change Dir: /usr/glfw-3.2.1/CMakeFiles/CMakeTmp

Run Build Command:"/usr/bin/make" "cmTC_f1120/fast"
/usr/bin/make -f CMakeFiles/cmTC_f1120.dir/build.make CMakeFiles/cmTC_f1120.dir/build
make[1]: Entering directory '/usr/glfw-3.2.1/CMakeFiles/CMakeTmp'
Building C object CMakeFiles/cmTC_f1120.dir/feature_tests.c.o
/usr/bin/cc    -std=c11 -o CMakeFiles/cmTC_f1120.dir/feature_tests.c.o   -c /usr/glfw-3.2.1/CMakeFiles/feature_tests.c
Linking C executable cmTC_f1120
/usr/bin/cmake -E cmake_link_script CMakeFiles/cmTC_f1120.dir/link.txt --verbose=1
/usr/bin/cc       CMakeFiles/cmTC_f1120.dir/feature_tests.c.o  -o cmTC_f1120 -rdynamic 
make[1]: Leaving directory '/usr/glfw-3.2.1/CMakeFiles/CMakeTmp'


    Feature record: C_FEATURE:1c_function_prototypes
    Feature record: C_FEATURE:1c_restrict
    Feature record: C_FEATURE:1c_static_assert
    Feature record: C_FEATURE:1c_variadic_macros


Detecting C [-std=c99] compiler features compiled with the following output:
Change Dir: /usr/glfw-3.2.1/CMakeFiles/CMakeTmp

Run Build Command:"/usr/bin/make" "cmTC_f3b48/fast"
/usr/bin/make -f CMakeFiles/cmTC_f3b48.dir/build.make CMakeFiles/cmTC_f3b48.dir/build
make[1]: Entering directory '/usr/glfw-3.2.1/CMakeFiles/CMakeTmp'
Building C object CMakeFiles/cmTC_f3b48.dir/feature_tests.c.o
/usr/bin/cc    -std=c99 -o CMakeFiles/cmTC_f3b48.dir/feature_tests.c.o   -c /usr/glfw-3.2.1/CMakeFiles/feature_tests.c
Linking C executable cmTC_f3b48
/usr/bin/cmake -E cmake_link_script CMakeFiles/cmTC_f3b48.dir/link.txt --verbose=1
/usr/bin/cc       CMakeFiles/cmTC_f3b48.dir/feature_tests.c.o  -o cmTC_f3b48 -rdynamic 
make[1]: Leaving directory '/usr/glfw-3.2.1/CMakeFiles/CMakeTmp'


    Feature record: C_FEATURE:1c_function_prototypes
    Feature record: C_FEATURE:1c_restrict
    Feature record: C_FEATURE:0c_static_assert
    Feature record: C_FEATURE:1c_variadic_macros


Detecting C [-std=c90] compiler features compiled with the following output:
Change Dir: /usr/glfw-3.2.1/CMakeFiles/CMakeTmp

Run Build Command:"/usr/bin/make" "cmTC_16d6f/fast"
/usr/bin/make -f CMakeFiles/cmTC_16d6f.dir/build.make CMakeFiles/cmTC_16d6f.dir/build
make[1]: Entering directory '/usr/glfw-3.2.1/CMakeFiles/CMakeTmp'
Building C object CMakeFiles/cmTC_16d6f.dir/feature_tests.c.o
/usr/bin/cc    -std=c90 -o CMakeFiles/cmTC_16d6f.dir/feature_tests.c.o   -c /usr/glfw-3.2.1/CMakeFiles/feature_tests.c
Linking C executable cmTC_16d6f
/usr/bin/cmake -E cmake_link_script CMakeFiles/cmTC_16d6f.dir/link.txt --verbose=1
/usr/bin/cc       CMakeFiles/cmTC_16d6f.dir/feature_tests.c.o  -o cmTC_16d6f -rdynamic 
make[1]: Leaving directory '/usr/glfw-3.2.1/CMakeFiles/CMakeTmp'


    Feature record: C_FEATURE:1c_function_prototypes
    Feature record: C_FEATURE:0c_restrict
    Feature record: C_FEATURE:0c_static_assert
    Feature record: C_FEATURE:0c_variadic_macros
Determining if the include file pthread.h exists passed with the following output:
Change Dir: /usr/glfw-3.2.1/CMakeFiles/CMakeTmp

Run Build Command:"/usr/bin/make" "cmTC_f02fb/fast"
/usr/bin/make -f CMakeFiles/cmTC_f02fb.dir/build.make CMakeFiles/cmTC_f02fb.dir/build
make[1]: Entering directory '/usr/glfw-3.2.1/CMakeFiles/CMakeTmp'
Building C object CMakeFiles/cmTC_f02fb.dir/CheckIncludeFile.c.o
/usr/bin/cc     -o CMakeFiles/cmTC_f02fb.dir/CheckIncludeFile.c.o   -c /usr/glfw-3.2.1/CMakeFiles/CMakeTmp/CheckIncludeFile.c
Linking C executable cmTC_f02fb
/usr/bin/cmake -E cmake_link_script CMakeFiles/cmTC_f02fb.dir/link.txt --verbose=1
/usr/bin/cc       CMakeFiles/cmTC_f02fb.dir/CheckIncludeFile.c.o  -o cmTC_f02fb -rdynamic 
make[1]: Leaving directory '/usr/glfw-3.2.1/CMakeFiles/CMakeTmp'


Determining if the function pthread_create exists in the pthread passed with the following output:
Change Dir: /usr/glfw-3.2.1/CMakeFiles/CMakeTmp

Run Build Command:"/usr/bin/make" "cmTC_1d8e9/fast"
/usr/bin/make -f CMakeFiles/cmTC_1d8e9.dir/build.make CMakeFiles/cmTC_1d8e9.dir/build
make[1]: Entering directory '/usr/glfw-3.2.1/CMakeFiles/CMakeTmp'
Building C object CMakeFiles/cmTC_1d8e9.dir/CheckFunctionExists.c.o
/usr/bin/cc    -DCHECK_FUNCTION_EXISTS=pthread_create   -o CMakeFiles/cmTC_1d8e9.dir/CheckFunctionExists.c.o   -c /usr/share/cmake-3.7/Modules/CheckFunctionExists.c
Linking C executable cmTC_1d8e9
/usr/bin/cmake -E cmake_link_script CMakeFiles/cmTC_1d8e9.dir/link.txt --verbose=1
/usr/bin/cc   -DCHECK_FUNCTION_EXISTS=pthread_create    CMakeFiles/cmTC_1d8e9.dir/CheckFunctionExists.c.o  -o cmTC_1d8e9 -rdynamic -lpthread 
make[1]: Leaving directory '/usr/glfw-3.2.1/CMakeFiles/CMakeTmp'


Determining if the function XOpenDisplay exists in the /usr/lib/i386-linux-gnu/libX11.so;/usr/lib/i386-linux-gnu/libXext.so passed with the following output:
Change Dir: /usr/glfw-3.2.1/CMakeFiles/CMakeTmp

Run Build Command:"/usr/bin/make" "cmTC_909b5/fast"
/usr/bin/make -f CMakeFiles/cmTC_909b5.dir/build.make CMakeFiles/cmTC_909b5.dir/build
make[1]: Entering directory '/usr/glfw-3.2.1/CMakeFiles/CMakeTmp'
Building C object CMakeFiles/cmTC_909b5.dir/CheckFunctionExists.c.o
/usr/bin/cc    -DCHECK_FUNCTION_EXISTS=XOpenDisplay   -o CMakeFiles/cmTC_909b5.dir/CheckFunctionExists.c.o   -c /usr/share/cmake-3.7/Modules/CheckFunctionExists.c
Linking C executable cmTC_909b5
/usr/bin/cmake -E cmake_link_script CMakeFiles/cmTC_909b5.dir/link.txt --verbose=1
/usr/bin/cc   -DCHECK_FUNCTION_EXISTS=XOpenDisplay    CMakeFiles/cmTC_909b5.dir/CheckFunctionExists.c.o  -o cmTC_909b5 -rdynamic /usr/lib/i386-linux-gnu/libX11.so /usr/lib/i386-linux-gnu/libXext.so 
make[1]: Leaving directory '/usr/glfw-3.2.1/CMakeFiles/CMakeTmp'


Determining if the function gethostbyname exists passed with the following output:
Change Dir: /usr/glfw-3.2.1/CMakeFiles/CMakeTmp

Run Build Command:"/usr/bin/make" "cmTC_2f954/fast"
/usr/bin/make -f CMakeFiles/cmTC_2f954.dir/build.make CMakeFiles/cmTC_2f954.dir/build
make[1]: Entering directory '/usr/glfw-3.2.1/CMakeFiles/CMakeTmp'
Building C object CMakeFiles/cmTC_2f954.dir/CheckFunctionExists.c.o
/usr/bin/cc    -DCHECK_FUNCTION_EXISTS=gethostbyname   -o CMakeFiles/cmTC_2f954.dir/CheckFunctionExists.c.o   -c /usr/share/cmake-3.7/Modules/CheckFunctionExists.c
Linking C executable cmTC_2f954
/usr/bin/cmake -E cmake_link_script CMakeFiles/cmTC_2f954.dir/link.txt --verbose=1
/usr/bin/cc   -DCHECK_FUNCTION_EXISTS=gethostbyname    CMakeFiles/cmTC_2f954.dir/CheckFunctionExists.c.o  -o cmTC_2f954 -rdynamic 
make[1]: Leaving directory '/usr/glfw-3.2.1/CMakeFiles/CMakeTmp'


Determining if the function connect exists passed with the following output:
Change Dir: /usr/glfw-3.2.1/CMakeFiles/CMakeTmp

Run Build Command:"/usr/bin/make" "cmTC_8083e/fast"
/usr/bin/make -f CMakeFiles/cmTC_8083e.dir/build.make CMakeFiles/cmTC_8083e.dir/build
make[1]: Entering directory '/usr/glfw-3.2.1/CMakeFiles/CMakeTmp'
Building C object CMakeFiles/cmTC_8083e.dir/CheckFunctionExists.c.o
/usr/bin/cc    -DCHECK_FUNCTION_EXISTS=connect   -o CMakeFiles/cmTC_8083e.dir/CheckFunctionExists.c.o   -c /usr/share/cmake-3.7/Modules/CheckFunctionExists.c
Linking C executable cmTC_8083e
/usr/bin/cmake -E cmake_link_script CMakeFiles/cmTC_8083e.dir/link.txt --verbose=1
/usr/bin/cc   -DCHECK_FUNCTION_EXISTS=connect    CMakeFiles/cmTC_8083e.dir/CheckFunctionExists.c.o  -o cmTC_8083e -rdynamic 
make[1]: Leaving directory '/usr/glfw-3.2.1/CMakeFiles/CMakeTmp'


Determining if the function remove exists passed with the following output:
Change Dir: /usr/glfw-3.2.1/CMakeFiles/CMakeTmp

Run Build Command:"/usr/bin/make" "cmTC_fa077/fast"
/usr/bin/make -f CMakeFiles/cmTC_fa077.dir/build.make CMakeFiles/cmTC_fa077.dir/build
make[1]: Entering directory '/usr/glfw-3.2.1/CMakeFiles/CMakeTmp'
Building C object CMakeFiles/cmTC_fa077.dir/CheckFunctionExists.c.o
/usr/bin/cc    -DCHECK_FUNCTION_EXISTS=remove   -o CMakeFiles/cmTC_fa077.dir/CheckFunctionExists.c.o   -c /usr/share/cmake-3.7/Modules/CheckFunctionExists.c
Linking C executable cmTC_fa077
/usr/bin/cmake -E cmake_link_script CMakeFiles/cmTC_fa077.dir/link.txt --verbose=1
/usr/bin/cc   -DCHECK_FUNCTION_EXISTS=remove    CMakeFiles/cmTC_fa077.dir/CheckFunctionExists.c.o  -o cmTC_fa077 -rdynamic 
make[1]: Leaving directory '/usr/glfw-3.2.1/CMakeFiles/CMakeTmp'


Determining if the function shmat exists passed with the following output:
Change Dir: /usr/glfw-3.2.1/CMakeFiles/CMakeTmp

Run Build Command:"/usr/bin/make" "cmTC_5bf7d/fast"
/usr/bin/make -f CMakeFiles/cmTC_5bf7d.dir/build.make CMakeFiles/cmTC_5bf7d.dir/build
make[1]: Entering directory '/usr/glfw-3.2.1/CMakeFiles/CMakeTmp'
Building C object CMakeFiles/cmTC_5bf7d.dir/CheckFunctionExists.c.o
/usr/bin/cc    -DCHECK_FUNCTION_EXISTS=shmat   -o CMakeFiles/cmTC_5bf7d.dir/CheckFunctionExists.c.o   -c /usr/share/cmake-3.7/Modules/CheckFunctionExists.c
Linking C executable cmTC_5bf7d
/usr/bin/cmake -E cmake_link_script CMakeFiles/cmTC_5bf7d.dir/link.txt --verbose=1
/usr/bin/cc   -DCHECK_FUNCTION_EXISTS=shmat    CMakeFiles/cmTC_5bf7d.dir/CheckFunctionExists.c.o  -o cmTC_5bf7d -rdynamic 
make[1]: Leaving directory '/usr/glfw-3.2.1/CMakeFiles/CMakeTmp'


Determining if the function IceConnectionNumber exists in the ICE passed with the following output:
Change Dir: /usr/glfw-3.2.1/CMakeFiles/CMakeTmp

Run Build Command:"/usr/bin/make" "cmTC_9ed76/fast"
/usr/bin/make -f CMakeFiles/cmTC_9ed76.dir/build.make CMakeFiles/cmTC_9ed76.dir/build
make[1]: Entering directory '/usr/glfw-3.2.1/CMakeFiles/CMakeTmp'
Building C object CMakeFiles/cmTC_9ed76.dir/CheckFunctionExists.c.o
/usr/bin/cc    -DCHECK_FUNCTION_EXISTS=IceConnectionNumber   -o CMakeFiles/cmTC_9ed76.dir/CheckFunctionExists.c.o   -c /usr/share/cmake-3.7/Modules/CheckFunctionExists.c
Linking C executable cmTC_9ed76
/usr/bin/cmake -E cmake_link_script CMakeFiles/cmTC_9ed76.dir/link.txt --verbose=1
/usr/bin/cc   -DCHECK_FUNCTION_EXISTS=IceConnectionNumber    CMakeFiles/cmTC_9ed76.dir/CheckFunctionExists.c.o  -o cmTC_9ed76 -rdynamic -lICE 
make[1]: Leaving directory '/usr/glfw-3.2.1/CMakeFiles/CMakeTmp'


