Determining if the pthread_create exist failed with the following output:
Change Dir: /home/moebiusmeow/mygl/etc/glfw-3.2.1/CMakeFiles/CMakeTmp

Run Build Command:"/usr/bin/make" "cmTC_ad79e/fast"
/usr/bin/make -f CMakeFiles/cmTC_ad79e.dir/build.make CMakeFiles/cmTC_ad79e.dir/build
make[1]: Entering directory '/home/moebiusmeow/mygl/etc/glfw-3.2.1/CMakeFiles/CMakeTmp'
Building C object CMakeFiles/cmTC_ad79e.dir/CheckSymbolExists.c.o
/usr/bin/cc     -o CMakeFiles/cmTC_ad79e.dir/CheckSymbolExists.c.o   -c /home/moebiusmeow/mygl/etc/glfw-3.2.1/CMakeFiles/CMakeTmp/CheckSymbolExists.c
Linking C executable cmTC_ad79e
/usr/bin/cmake -E cmake_link_script CMakeFiles/cmTC_ad79e.dir/link.txt --verbose=1
/usr/bin/cc       CMakeFiles/cmTC_ad79e.dir/CheckSymbolExists.c.o  -o cmTC_ad79e -rdynamic 
CMakeFiles/cmTC_ad79e.dir/CheckSymbolExists.c.o：在函数‘main’中：
CheckSymbolExists.c:(.text+0x1b)：对‘pthread_create’未定义的引用
collect2: error: ld returned 1 exit status
CMakeFiles/cmTC_ad79e.dir/build.make:97: recipe for target 'cmTC_ad79e' failed
make[1]: *** [cmTC_ad79e] Error 1
make[1]: Leaving directory '/home/moebiusmeow/mygl/etc/glfw-3.2.1/CMakeFiles/CMakeTmp'
Makefile:126: recipe for target 'cmTC_ad79e/fast' failed
make: *** [cmTC_ad79e/fast] Error 2

File /home/moebiusmeow/mygl/etc/glfw-3.2.1/CMakeFiles/CMakeTmp/CheckSymbolExists.c:
/* */
#include <pthread.h>

int main(int argc, char** argv)
{
  (void)argv;
#ifndef pthread_create
  return ((int*)(&pthread_create))[argc];
#else
  (void)argc;
  return 0;
#endif
}

Determining if the function pthread_create exists in the pthreads failed with the following output:
Change Dir: /home/moebiusmeow/mygl/etc/glfw-3.2.1/CMakeFiles/CMakeTmp

Run Build Command:"/usr/bin/make" "cmTC_ab534/fast"
/usr/bin/make -f CMakeFiles/cmTC_ab534.dir/build.make CMakeFiles/cmTC_ab534.dir/build
make[1]: Entering directory '/home/moebiusmeow/mygl/etc/glfw-3.2.1/CMakeFiles/CMakeTmp'
Building C object CMakeFiles/cmTC_ab534.dir/CheckFunctionExists.c.o
/usr/bin/cc    -DCHECK_FUNCTION_EXISTS=pthread_create   -o CMakeFiles/cmTC_ab534.dir/CheckFunctionExists.c.o   -c /usr/share/cmake-3.7/Modules/CheckFunctionExists.c
Linking C executable cmTC_ab534
/usr/bin/cmake -E cmake_link_script CMakeFiles/cmTC_ab534.dir/link.txt --verbose=1
/usr/bin/cc   -DCHECK_FUNCTION_EXISTS=pthread_create    CMakeFiles/cmTC_ab534.dir/CheckFunctionExists.c.o  -o cmTC_ab534 -rdynamic -lpthreads 
/usr/bin/ld: 找不到 -lpthreads
collect2: error: ld returned 1 exit status
CMakeFiles/cmTC_ab534.dir/build.make:97: recipe for target 'cmTC_ab534' failed
make[1]: *** [cmTC_ab534] Error 1
make[1]: Leaving directory '/home/moebiusmeow/mygl/etc/glfw-3.2.1/CMakeFiles/CMakeTmp'
Makefile:126: recipe for target 'cmTC_ab534/fast' failed
make: *** [cmTC_ab534/fast] Error 2


